<?xml version="1.0" encoding="UTF-8"?>
<testsuite xmlns:xsi="http://www.w3.org/2001/XMLSchema-instance" xsi:noNamespaceSchemaLocation="https://maven.apache.org/surefire/maven-surefire-plugin/xsd/surefire-test-report.xsd" name="cn.hcq413.web.junit.TestStarter" time="4.32" tests="1" errors="0" skipped="0" failures="0">
  <properties>
    <property name="sun.desktop" value="windows"/>
    <property name="awt.toolkit" value="sun.awt.windows.WToolkit"/>
    <property name="file.encoding.pkg" value="sun.io"/>
    <property name="java.specification.version" value="1.8"/>
    <property name="sun.cpu.isalist" value="amd64"/>
    <property name="sun.jnu.encoding" value="GBK"/>
    <property name="java.class.path" value="D:\Daima\spring_boot\springboot-test\target\test-classes;D:\Daima\spring_boot\springboot-test\target\classes;D:\Style\IntelliJ IDEA 2021.2.1\plugins\maven\lib\maven3\conf\repository\org\springframework\boot\spring-boot-starter-web\2.2.6.RELEASE\spring-boot-starter-web-2.2.6.RELEASE.jar;D:\Style\IntelliJ IDEA 2021.2.1\plugins\maven\lib\maven3\conf\repository\org\springframework\boot\spring-boot-starter\2.2.6.RELEASE\spring-boot-starter-2.2.6.RELEASE.jar;D:\Style\IntelliJ IDEA 2021.2.1\plugins\maven\lib\maven3\conf\repository\org\springframework\boot\spring-boot\2.2.6.RELEASE\spring-boot-2.2.6.RELEASE.jar;D:\Style\IntelliJ IDEA 2021.2.1\plugins\maven\lib\maven3\conf\repository\org\springframework\boot\spring-boot-starter-logging\2.2.6.RELEASE\spring-boot-starter-logging-2.2.6.RELEASE.jar;D:\Style\IntelliJ IDEA 2021.2.1\plugins\maven\lib\maven3\conf\repository\ch\qos\logback\logback-classic\1.2.3\logback-classic-1.2.3.jar;D:\Style\IntelliJ IDEA 2021.2.1\plugins\maven\lib\maven3\conf\repository\ch\qos\logback\logback-core\1.2.3\logback-core-1.2.3.jar;D:\Style\IntelliJ IDEA 2021.2.1\plugins\maven\lib\maven3\conf\repository\org\apache\logging\log4j\log4j-to-slf4j\2.12.1\log4j-to-slf4j-2.12.1.jar;D:\Style\IntelliJ IDEA 2021.2.1\plugins\maven\lib\maven3\conf\repository\org\apache\logging\log4j\log4j-api\2.12.1\log4j-api-2.12.1.jar;D:\Style\IntelliJ IDEA 2021.2.1\plugins\maven\lib\maven3\conf\repository\org\slf4j\jul-to-slf4j\1.7.30\jul-to-slf4j-1.7.30.jar;D:\Style\IntelliJ IDEA 2021.2.1\plugins\maven\lib\maven3\conf\repository\jakarta\annotation\jakarta.annotation-api\1.3.5\jakarta.annotation-api-1.3.5.jar;D:\Style\IntelliJ IDEA 2021.2.1\plugins\maven\lib\maven3\conf\repository\org\yaml\snakeyaml\1.25\snakeyaml-1.25.jar;D:\Style\IntelliJ IDEA 2021.2.1\plugins\maven\lib\maven3\conf\repository\org\springframework\boot\spring-boot-starter-json\2.2.6.RELEASE\spring-boot-starter-json-2.2.6.RELEASE.jar;D:\Style\IntelliJ IDEA 2021.2.1\plugins\maven\lib\maven3\conf\repository\com\fasterxml\jackson\core\jackson-databind\2.10.3\jackson-databind-2.10.3.jar;D:\Style\IntelliJ IDEA 2021.2.1\plugins\maven\lib\maven3\conf\repository\com\fasterxml\jackson\core\jackson-annotations\2.10.3\jackson-annotations-2.10.3.jar;D:\Style\IntelliJ IDEA 2021.2.1\plugins\maven\lib\maven3\conf\repository\com\fasterxml\jackson\core\jackson-core\2.10.3\jackson-core-2.10.3.jar;D:\Style\IntelliJ IDEA 2021.2.1\plugins\maven\lib\maven3\conf\repository\com\fasterxml\jackson\datatype\jackson-datatype-jdk8\2.10.3\jackson-datatype-jdk8-2.10.3.jar;D:\Style\IntelliJ IDEA 2021.2.1\plugins\maven\lib\maven3\conf\repository\com\fasterxml\jackson\datatype\jackson-datatype-jsr310\2.10.3\jackson-datatype-jsr310-2.10.3.jar;D:\Style\IntelliJ IDEA 2021.2.1\plugins\maven\lib\maven3\conf\repository\com\fasterxml\jackson\module\jackson-module-parameter-names\2.10.3\jackson-module-parameter-names-2.10.3.jar;D:\Style\IntelliJ IDEA 2021.2.1\plugins\maven\lib\maven3\conf\repository\org\springframework\boot\spring-boot-starter-tomcat\2.2.6.RELEASE\spring-boot-starter-tomcat-2.2.6.RELEASE.jar;D:\Style\IntelliJ IDEA 2021.2.1\plugins\maven\lib\maven3\conf\repository\org\apache\tomcat\embed\tomcat-embed-core\9.0.33\tomcat-embed-core-9.0.33.jar;D:\Style\IntelliJ IDEA 2021.2.1\plugins\maven\lib\maven3\conf\repository\org\apache\tomcat\embed\tomcat-embed-el\9.0.33\tomcat-embed-el-9.0.33.jar;D:\Style\IntelliJ IDEA 2021.2.1\plugins\maven\lib\maven3\conf\repository\org\apache\tomcat\embed\tomcat-embed-websocket\9.0.33\tomcat-embed-websocket-9.0.33.jar;D:\Style\IntelliJ IDEA 2021.2.1\plugins\maven\lib\maven3\conf\repository\org\springframework\boot\spring-boot-starter-validation\2.2.6.RELEASE\spring-boot-starter-validation-2.2.6.RELEASE.jar;D:\Style\IntelliJ IDEA 2021.2.1\plugins\maven\lib\maven3\conf\repository\jakarta\validation\jakarta.validation-api\2.0.2\jakarta.validation-api-2.0.2.jar;D:\Style\IntelliJ IDEA 2021.2.1\plugins\maven\lib\maven3\conf\repository\org\hibernate\validator\hibernate-validator\6.0.18.Final\hibernate-validator-6.0.18.Final.jar;D:\Style\IntelliJ IDEA 2021.2.1\plugins\maven\lib\maven3\conf\repository\org\jboss\logging\jboss-logging\3.4.1.Final\jboss-logging-3.4.1.Final.jar;D:\Style\IntelliJ IDEA 2021.2.1\plugins\maven\lib\maven3\conf\repository\com\fasterxml\classmate\1.5.1\classmate-1.5.1.jar;D:\Style\IntelliJ IDEA 2021.2.1\plugins\maven\lib\maven3\conf\repository\org\springframework\spring-web\5.2.5.RELEASE\spring-web-5.2.5.RELEASE.jar;D:\Style\IntelliJ IDEA 2021.2.1\plugins\maven\lib\maven3\conf\repository\org\springframework\spring-beans\5.2.5.RELEASE\spring-beans-5.2.5.RELEASE.jar;D:\Style\IntelliJ IDEA 2021.2.1\plugins\maven\lib\maven3\conf\repository\org\springframework\spring-webmvc\5.2.5.RELEASE\spring-webmvc-5.2.5.RELEASE.jar;D:\Style\IntelliJ IDEA 2021.2.1\plugins\maven\lib\maven3\conf\repository\org\springframework\spring-aop\5.2.5.RELEASE\spring-aop-5.2.5.RELEASE.jar;D:\Style\IntelliJ IDEA 2021.2.1\plugins\maven\lib\maven3\conf\repository\org\springframework\spring-context\5.2.5.RELEASE\spring-context-5.2.5.RELEASE.jar;D:\Style\IntelliJ IDEA 2021.2.1\plugins\maven\lib\maven3\conf\repository\org\springframework\spring-expression\5.2.5.RELEASE\spring-expression-5.2.5.RELEASE.jar;D:\Style\IntelliJ IDEA 2021.2.1\plugins\maven\lib\maven3\conf\repository\org\springframework\boot\spring-boot-starter-test\2.2.6.RELEASE\spring-boot-starter-test-2.2.6.RELEASE.jar;D:\Style\IntelliJ IDEA 2021.2.1\plugins\maven\lib\maven3\conf\repository\org\springframework\boot\spring-boot-test\2.2.6.RELEASE\spring-boot-test-2.2.6.RELEASE.jar;D:\Style\IntelliJ IDEA 2021.2.1\plugins\maven\lib\maven3\conf\repository\org\springframework\boot\spring-boot-test-autoconfigure\2.2.6.RELEASE\spring-boot-test-autoconfigure-2.2.6.RELEASE.jar;D:\Style\IntelliJ IDEA 2021.2.1\plugins\maven\lib\maven3\conf\repository\com\jayway\jsonpath\json-path\2.4.0\json-path-2.4.0.jar;D:\Style\IntelliJ IDEA 2021.2.1\plugins\maven\lib\maven3\conf\repository\net\minidev\json-smart\2.3\json-smart-2.3.jar;D:\Style\IntelliJ IDEA 2021.2.1\plugins\maven\lib\maven3\conf\repository\net\minidev\accessors-smart\1.2\accessors-smart-1.2.jar;D:\Style\IntelliJ IDEA 2021.2.1\plugins\maven\lib\maven3\conf\repository\org\ow2\asm\asm\5.0.4\asm-5.0.4.jar;D:\Style\IntelliJ IDEA 2021.2.1\plugins\maven\lib\maven3\conf\repository\org\slf4j\slf4j-api\1.7.30\slf4j-api-1.7.30.jar;D:\Style\IntelliJ IDEA 2021.2.1\plugins\maven\lib\maven3\conf\repository\jakarta\xml\bind\jakarta.xml.bind-api\2.3.3\jakarta.xml.bind-api-2.3.3.jar;D:\Style\IntelliJ IDEA 2021.2.1\plugins\maven\lib\maven3\conf\repository\jakarta\activation\jakarta.activation-api\1.2.2\jakarta.activation-api-1.2.2.jar;D:\Style\IntelliJ IDEA 2021.2.1\plugins\maven\lib\maven3\conf\repository\org\junit\jupiter\junit-jupiter\5.5.2\junit-jupiter-5.5.2.jar;D:\Style\IntelliJ IDEA 2021.2.1\plugins\maven\lib\maven3\conf\repository\org\junit\jupiter\junit-jupiter-api\5.5.2\junit-jupiter-api-5.5.2.jar;D:\Style\IntelliJ IDEA 2021.2.1\plugins\maven\lib\maven3\conf\repository\org\apiguardian\apiguardian-api\1.1.0\apiguardian-api-1.1.0.jar;D:\Style\IntelliJ IDEA 2021.2.1\plugins\maven\lib\maven3\conf\repository\org\opentest4j\opentest4j\1.2.0\opentest4j-1.2.0.jar;D:\Style\IntelliJ IDEA 2021.2.1\plugins\maven\lib\maven3\conf\repository\org\junit\platform\junit-platform-commons\1.5.2\junit-platform-commons-1.5.2.jar;D:\Style\IntelliJ IDEA 2021.2.1\plugins\maven\lib\maven3\conf\repository\org\junit\jupiter\junit-jupiter-params\5.5.2\junit-jupiter-params-5.5.2.jar;D:\Style\IntelliJ IDEA 2021.2.1\plugins\maven\lib\maven3\conf\repository\org\junit\jupiter\junit-jupiter-engine\5.5.2\junit-jupiter-engine-5.5.2.jar;D:\Style\IntelliJ IDEA 2021.2.1\plugins\maven\lib\maven3\conf\repository\org\junit\platform\junit-platform-engine\1.5.2\junit-platform-engine-1.5.2.jar;D:\Style\IntelliJ IDEA 2021.2.1\plugins\maven\lib\maven3\conf\repository\org\mockito\mockito-junit-jupiter\3.1.0\mockito-junit-jupiter-3.1.0.jar;D:\Style\IntelliJ IDEA 2021.2.1\plugins\maven\lib\maven3\conf\repository\org\assertj\assertj-core\3.13.2\assertj-core-3.13.2.jar;D:\Style\IntelliJ IDEA 2021.2.1\plugins\maven\lib\maven3\conf\repository\org\hamcrest\hamcrest\2.1\hamcrest-2.1.jar;D:\Style\IntelliJ IDEA 2021.2.1\plugins\maven\lib\maven3\conf\repository\org\mockito\mockito-core\3.1.0\mockito-core-3.1.0.jar;D:\Style\IntelliJ IDEA 2021.2.1\plugins\maven\lib\maven3\conf\repository\net\bytebuddy\byte-buddy\1.10.8\byte-buddy-1.10.8.jar;D:\Style\IntelliJ IDEA 2021.2.1\plugins\maven\lib\maven3\conf\repository\net\bytebuddy\byte-buddy-agent\1.10.8\byte-buddy-agent-1.10.8.jar;D:\Style\IntelliJ IDEA 2021.2.1\plugins\maven\lib\maven3\conf\repository\org\objenesis\objenesis\2.6\objenesis-2.6.jar;D:\Style\IntelliJ IDEA 2021.2.1\plugins\maven\lib\maven3\conf\repository\org\skyscreamer\jsonassert\1.5.0\jsonassert-1.5.0.jar;D:\Style\IntelliJ IDEA 2021.2.1\plugins\maven\lib\maven3\conf\repository\com\vaadin\external\google\android-json\0.0.20131108.vaadin1\android-json-0.0.20131108.vaadin1.jar;D:\Style\IntelliJ IDEA 2021.2.1\plugins\maven\lib\maven3\conf\repository\org\springframework\spring-core\5.2.5.RELEASE\spring-core-5.2.5.RELEASE.jar;D:\Style\IntelliJ IDEA 2021.2.1\plugins\maven\lib\maven3\conf\repository\org\springframework\spring-jcl\5.2.5.RELEASE\spring-jcl-5.2.5.RELEASE.jar;D:\Style\IntelliJ IDEA 2021.2.1\plugins\maven\lib\maven3\conf\repository\org\springframework\spring-test\5.2.5.RELEASE\spring-test-5.2.5.RELEASE.jar;D:\Style\IntelliJ IDEA 2021.2.1\plugins\maven\lib\maven3\conf\repository\org\xmlunit\xmlunit-core\2.6.4\xmlunit-core-2.6.4.jar;D:\Style\IntelliJ IDEA 2021.2.1\plugins\maven\lib\maven3\conf\repository\org\example\springboot-starter\1.0-SNAPSHOT\springboot-starter-1.0-SNAPSHOT.jar;D:\Style\IntelliJ IDEA 2021.2.1\plugins\maven\lib\maven3\conf\repository\org\springframework\boot\spring-boot-autoconfigure\2.2.6.RELEASE\spring-boot-autoconfigure-2.2.6.RELEASE.jar;"/>
    <property name="java.vm.vendor" value="Oracle Corporation"/>
    <property name="sun.arch.data.model" value="64"/>
    <property name="user.variant" value=""/>
    <property name="java.vendor.url" value="http://java.oracle.com/"/>
    <property name="user.timezone" value="Asia/Shanghai"/>
    <property name="java.vm.specification.version" value="1.8"/>
    <property name="os.name" value="Windows 10"/>
    <property name="user.country" value="CN"/>
    <property name="sun.java.launcher" value="SUN_STANDARD"/>
    <property name="sun.boot.library.path" value="D:\Program Files (x86)\Java\jdk1.8.0_201\jre\bin"/>
    <property name="sun.java.command" value="C:\Users\黄昌其\AppData\Local\Temp\surefire3863014859851216966\surefirebooter3372692817536844390.jar C:\Users\黄昌其\AppData\Local\Temp\surefire3863014859851216966 2022-03-09T09-08-26_494-jvmRun1 surefire2194512339926642447tmp surefire_08003260345106751329tmp"/>
    <property name="surefire.test.class.path" value="D:\Daima\spring_boot\springboot-test\target\test-classes;D:\Daima\spring_boot\springboot-test\target\classes;D:\Style\IntelliJ IDEA 2021.2.1\plugins\maven\lib\maven3\conf\repository\org\springframework\boot\spring-boot-starter-web\2.2.6.RELEASE\spring-boot-starter-web-2.2.6.RELEASE.jar;D:\Style\IntelliJ IDEA 2021.2.1\plugins\maven\lib\maven3\conf\repository\org\springframework\boot\spring-boot-starter\2.2.6.RELEASE\spring-boot-starter-2.2.6.RELEASE.jar;D:\Style\IntelliJ IDEA 2021.2.1\plugins\maven\lib\maven3\conf\repository\org\springframework\boot\spring-boot\2.2.6.RELEASE\spring-boot-2.2.6.RELEASE.jar;D:\Style\IntelliJ IDEA 2021.2.1\plugins\maven\lib\maven3\conf\repository\org\springframework\boot\spring-boot-starter-logging\2.2.6.RELEASE\spring-boot-starter-logging-2.2.6.RELEASE.jar;D:\Style\IntelliJ IDEA 2021.2.1\plugins\maven\lib\maven3\conf\repository\ch\qos\logback\logback-classic\1.2.3\logback-classic-1.2.3.jar;D:\Style\IntelliJ IDEA 2021.2.1\plugins\maven\lib\maven3\conf\repository\ch\qos\logback\logback-core\1.2.3\logback-core-1.2.3.jar;D:\Style\IntelliJ IDEA 2021.2.1\plugins\maven\lib\maven3\conf\repository\org\apache\logging\log4j\log4j-to-slf4j\2.12.1\log4j-to-slf4j-2.12.1.jar;D:\Style\IntelliJ IDEA 2021.2.1\plugins\maven\lib\maven3\conf\repository\org\apache\logging\log4j\log4j-api\2.12.1\log4j-api-2.12.1.jar;D:\Style\IntelliJ IDEA 2021.2.1\plugins\maven\lib\maven3\conf\repository\org\slf4j\jul-to-slf4j\1.7.30\jul-to-slf4j-1.7.30.jar;D:\Style\IntelliJ IDEA 2021.2.1\plugins\maven\lib\maven3\conf\repository\jakarta\annotation\jakarta.annotation-api\1.3.5\jakarta.annotation-api-1.3.5.jar;D:\Style\IntelliJ IDEA 2021.2.1\plugins\maven\lib\maven3\conf\repository\org\yaml\snakeyaml\1.25\snakeyaml-1.25.jar;D:\Style\IntelliJ IDEA 2021.2.1\plugins\maven\lib\maven3\conf\repository\org\springframework\boot\spring-boot-starter-json\2.2.6.RELEASE\spring-boot-starter-json-2.2.6.RELEASE.jar;D:\Style\IntelliJ IDEA 2021.2.1\plugins\maven\lib\maven3\conf\repository\com\fasterxml\jackson\core\jackson-databind\2.10.3\jackson-databind-2.10.3.jar;D:\Style\IntelliJ IDEA 2021.2.1\plugins\maven\lib\maven3\conf\repository\com\fasterxml\jackson\core\jackson-annotations\2.10.3\jackson-annotations-2.10.3.jar;D:\Style\IntelliJ IDEA 2021.2.1\plugins\maven\lib\maven3\conf\repository\com\fasterxml\jackson\core\jackson-core\2.10.3\jackson-core-2.10.3.jar;D:\Style\IntelliJ IDEA 2021.2.1\plugins\maven\lib\maven3\conf\repository\com\fasterxml\jackson\datatype\jackson-datatype-jdk8\2.10.3\jackson-datatype-jdk8-2.10.3.jar;D:\Style\IntelliJ IDEA 2021.2.1\plugins\maven\lib\maven3\conf\repository\com\fasterxml\jackson\datatype\jackson-datatype-jsr310\2.10.3\jackson-datatype-jsr310-2.10.3.jar;D:\Style\IntelliJ IDEA 2021.2.1\plugins\maven\lib\maven3\conf\repository\com\fasterxml\jackson\module\jackson-module-parameter-names\2.10.3\jackson-module-parameter-names-2.10.3.jar;D:\Style\IntelliJ IDEA 2021.2.1\plugins\maven\lib\maven3\conf\repository\org\springframework\boot\spring-boot-starter-tomcat\2.2.6.RELEASE\spring-boot-starter-tomcat-2.2.6.RELEASE.jar;D:\Style\IntelliJ IDEA 2021.2.1\plugins\maven\lib\maven3\conf\repository\org\apache\tomcat\embed\tomcat-embed-core\9.0.33\tomcat-embed-core-9.0.33.jar;D:\Style\IntelliJ IDEA 2021.2.1\plugins\maven\lib\maven3\conf\repository\org\apache\tomcat\embed\tomcat-embed-el\9.0.33\tomcat-embed-el-9.0.33.jar;D:\Style\IntelliJ IDEA 2021.2.1\plugins\maven\lib\maven3\conf\repository\org\apache\tomcat\embed\tomcat-embed-websocket\9.0.33\tomcat-embed-websocket-9.0.33.jar;D:\Style\IntelliJ IDEA 2021.2.1\plugins\maven\lib\maven3\conf\repository\org\springframework\boot\spring-boot-starter-validation\2.2.6.RELEASE\spring-boot-starter-validation-2.2.6.RELEASE.jar;D:\Style\IntelliJ IDEA 2021.2.1\plugins\maven\lib\maven3\conf\repository\jakarta\validation\jakarta.validation-api\2.0.2\jakarta.validation-api-2.0.2.jar;D:\Style\IntelliJ IDEA 2021.2.1\plugins\maven\lib\maven3\conf\repository\org\hibernate\validator\hibernate-validator\6.0.18.Final\hibernate-validator-6.0.18.Final.jar;D:\Style\IntelliJ IDEA 2021.2.1\plugins\maven\lib\maven3\conf\repository\org\jboss\logging\jboss-logging\3.4.1.Final\jboss-logging-3.4.1.Final.jar;D:\Style\IntelliJ IDEA 2021.2.1\plugins\maven\lib\maven3\conf\repository\com\fasterxml\classmate\1.5.1\classmate-1.5.1.jar;D:\Style\IntelliJ IDEA 2021.2.1\plugins\maven\lib\maven3\conf\repository\org\springframework\spring-web\5.2.5.RELEASE\spring-web-5.2.5.RELEASE.jar;D:\Style\IntelliJ IDEA 2021.2.1\plugins\maven\lib\maven3\conf\repository\org\springframework\spring-beans\5.2.5.RELEASE\spring-beans-5.2.5.RELEASE.jar;D:\Style\IntelliJ IDEA 2021.2.1\plugins\maven\lib\maven3\conf\repository\org\springframework\spring-webmvc\5.2.5.RELEASE\spring-webmvc-5.2.5.RELEASE.jar;D:\Style\IntelliJ IDEA 2021.2.1\plugins\maven\lib\maven3\conf\repository\org\springframework\spring-aop\5.2.5.RELEASE\spring-aop-5.2.5.RELEASE.jar;D:\Style\IntelliJ IDEA 2021.2.1\plugins\maven\lib\maven3\conf\repository\org\springframework\spring-context\5.2.5.RELEASE\spring-context-5.2.5.RELEASE.jar;D:\Style\IntelliJ IDEA 2021.2.1\plugins\maven\lib\maven3\conf\repository\org\springframework\spring-expression\5.2.5.RELEASE\spring-expression-5.2.5.RELEASE.jar;D:\Style\IntelliJ IDEA 2021.2.1\plugins\maven\lib\maven3\conf\repository\org\springframework\boot\spring-boot-starter-test\2.2.6.RELEASE\spring-boot-starter-test-2.2.6.RELEASE.jar;D:\Style\IntelliJ IDEA 2021.2.1\plugins\maven\lib\maven3\conf\repository\org\springframework\boot\spring-boot-test\2.2.6.RELEASE\spring-boot-test-2.2.6.RELEASE.jar;D:\Style\IntelliJ IDEA 2021.2.1\plugins\maven\lib\maven3\conf\repository\org\springframework\boot\spring-boot-test-autoconfigure\2.2.6.RELEASE\spring-boot-test-autoconfigure-2.2.6.RELEASE.jar;D:\Style\IntelliJ IDEA 2021.2.1\plugins\maven\lib\maven3\conf\repository\com\jayway\jsonpath\json-path\2.4.0\json-path-2.4.0.jar;D:\Style\IntelliJ IDEA 2021.2.1\plugins\maven\lib\maven3\conf\repository\net\minidev\json-smart\2.3\json-smart-2.3.jar;D:\Style\IntelliJ IDEA 2021.2.1\plugins\maven\lib\maven3\conf\repository\net\minidev\accessors-smart\1.2\accessors-smart-1.2.jar;D:\Style\IntelliJ IDEA 2021.2.1\plugins\maven\lib\maven3\conf\repository\org\ow2\asm\asm\5.0.4\asm-5.0.4.jar;D:\Style\IntelliJ IDEA 2021.2.1\plugins\maven\lib\maven3\conf\repository\org\slf4j\slf4j-api\1.7.30\slf4j-api-1.7.30.jar;D:\Style\IntelliJ IDEA 2021.2.1\plugins\maven\lib\maven3\conf\repository\jakarta\xml\bind\jakarta.xml.bind-api\2.3.3\jakarta.xml.bind-api-2.3.3.jar;D:\Style\IntelliJ IDEA 2021.2.1\plugins\maven\lib\maven3\conf\repository\jakarta\activation\jakarta.activation-api\1.2.2\jakarta.activation-api-1.2.2.jar;D:\Style\IntelliJ IDEA 2021.2.1\plugins\maven\lib\maven3\conf\repository\org\junit\jupiter\junit-jupiter\5.5.2\junit-jupiter-5.5.2.jar;D:\Style\IntelliJ IDEA 2021.2.1\plugins\maven\lib\maven3\conf\repository\org\junit\jupiter\junit-jupiter-api\5.5.2\junit-jupiter-api-5.5.2.jar;D:\Style\IntelliJ IDEA 2021.2.1\plugins\maven\lib\maven3\conf\repository\org\apiguardian\apiguardian-api\1.1.0\apiguardian-api-1.1.0.jar;D:\Style\IntelliJ IDEA 2021.2.1\plugins\maven\lib\maven3\conf\repository\org\opentest4j\opentest4j\1.2.0\opentest4j-1.2.0.jar;D:\Style\IntelliJ IDEA 2021.2.1\plugins\maven\lib\maven3\conf\repository\org\junit\platform\junit-platform-commons\1.5.2\junit-platform-commons-1.5.2.jar;D:\Style\IntelliJ IDEA 2021.2.1\plugins\maven\lib\maven3\conf\repository\org\junit\jupiter\junit-jupiter-params\5.5.2\junit-jupiter-params-5.5.2.jar;D:\Style\IntelliJ IDEA 2021.2.1\plugins\maven\lib\maven3\conf\repository\org\junit\jupiter\junit-jupiter-engine\5.5.2\junit-jupiter-engine-5.5.2.jar;D:\Style\IntelliJ IDEA 2021.2.1\plugins\maven\lib\maven3\conf\repository\org\junit\platform\junit-platform-engine\1.5.2\junit-platform-engine-1.5.2.jar;D:\Style\IntelliJ IDEA 2021.2.1\plugins\maven\lib\maven3\conf\repository\org\mockito\mockito-junit-jupiter\3.1.0\mockito-junit-jupiter-3.1.0.jar;D:\Style\IntelliJ IDEA 2021.2.1\plugins\maven\lib\maven3\conf\repository\org\assertj\assertj-core\3.13.2\assertj-core-3.13.2.jar;D:\Style\IntelliJ IDEA 2021.2.1\plugins\maven\lib\maven3\conf\repository\org\hamcrest\hamcrest\2.1\hamcrest-2.1.jar;D:\Style\IntelliJ IDEA 2021.2.1\plugins\maven\lib\maven3\conf\repository\org\mockito\mockito-core\3.1.0\mockito-core-3.1.0.jar;D:\Style\IntelliJ IDEA 2021.2.1\plugins\maven\lib\maven3\conf\repository\net\bytebuddy\byte-buddy\1.10.8\byte-buddy-1.10.8.jar;D:\Style\IntelliJ IDEA 2021.2.1\plugins\maven\lib\maven3\conf\repository\net\bytebuddy\byte-buddy-agent\1.10.8\byte-buddy-agent-1.10.8.jar;D:\Style\IntelliJ IDEA 2021.2.1\plugins\maven\lib\maven3\conf\repository\org\objenesis\objenesis\2.6\objenesis-2.6.jar;D:\Style\IntelliJ IDEA 2021.2.1\plugins\maven\lib\maven3\conf\repository\org\skyscreamer\jsonassert\1.5.0\jsonassert-1.5.0.jar;D:\Style\IntelliJ IDEA 2021.2.1\plugins\maven\lib\maven3\conf\repository\com\vaadin\external\google\android-json\0.0.20131108.vaadin1\android-json-0.0.20131108.vaadin1.jar;D:\Style\IntelliJ IDEA 2021.2.1\plugins\maven\lib\maven3\conf\repository\org\springframework\spring-core\5.2.5.RELEASE\spring-core-5.2.5.RELEASE.jar;D:\Style\IntelliJ IDEA 2021.2.1\plugins\maven\lib\maven3\conf\repository\org\springframework\spring-jcl\5.2.5.RELEASE\spring-jcl-5.2.5.RELEASE.jar;D:\Style\IntelliJ IDEA 2021.2.1\plugins\maven\lib\maven3\conf\repository\org\springframework\spring-test\5.2.5.RELEASE\spring-test-5.2.5.RELEASE.jar;D:\Style\IntelliJ IDEA 2021.2.1\plugins\maven\lib\maven3\conf\repository\org\xmlunit\xmlunit-core\2.6.4\xmlunit-core-2.6.4.jar;D:\Style\IntelliJ IDEA 2021.2.1\plugins\maven\lib\maven3\conf\repository\org\example\springboot-starter\1.0-SNAPSHOT\springboot-starter-1.0-SNAPSHOT.jar;D:\Style\IntelliJ IDEA 2021.2.1\plugins\maven\lib\maven3\conf\repository\org\springframework\boot\spring-boot-autoconfigure\2.2.6.RELEASE\spring-boot-autoconfigure-2.2.6.RELEASE.jar;"/>
    <property name="sun.cpu.endian" value="little"/>
    <property name="user.home" value="C:\Users\黄昌其"/>
    <property name="user.language" value="zh"/>
    <property name="java.specification.vendor" value="Oracle Corporation"/>
    <property name="java.home" value="D:\Program Files (x86)\Java\jdk1.8.0_201\jre"/>
    <property name="basedir" value="D:\Daima\spring_boot\springboot-test"/>
    <property name="file.separator" value="\"/>
    <property name="line.separator" value="&#10;"/>
    <property name="java.vm.specification.vendor" value="Oracle Corporation"/>
    <property name="java.specification.name" value="Java Platform API Specification"/>
    <property name="java.awt.graphicsenv" value="sun.awt.Win32GraphicsEnvironment"/>
    <property name="surefire.real.class.path" value="C:\Users\黄昌其\AppData\Local\Temp\surefire3863014859851216966\surefirebooter3372692817536844390.jar"/>
    <property name="sun.boot.class.path" value="D:\Program Files (x86)\Java\jdk1.8.0_201\jre\lib\resources.jar;D:\Program Files (x86)\Java\jdk1.8.0_201\jre\lib\rt.jar;D:\Program Files (x86)\Java\jdk1.8.0_201\jre\lib\sunrsasign.jar;D:\Program Files (x86)\Java\jdk1.8.0_201\jre\lib\jsse.jar;D:\Program Files (x86)\Java\jdk1.8.0_201\jre\lib\jce.jar;D:\Program Files (x86)\Java\jdk1.8.0_201\jre\lib\charsets.jar;D:\Program Files (x86)\Java\jdk1.8.0_201\jre\lib\jfr.jar;D:\Program Files (x86)\Java\jdk1.8.0_201\jre\classes"/>
    <property name="user.script" value=""/>
    <property name="sun.management.compiler" value="HotSpot 64-Bit Tiered Compilers"/>
    <property name="java.runtime.version" value="1.8.0_201-b09"/>
    <property name="user.name" value="黄昌其"/>
    <property name="path.separator" value=";"/>
    <property name="os.version" value="10.0"/>
    <property name="java.endorsed.dirs" value="D:\Program Files (x86)\Java\jdk1.8.0_201\jre\lib\endorsed"/>
    <property name="java.runtime.name" value="Java(TM) SE Runtime Environment"/>
    <property name="file.encoding" value="GBK"/>
    <property name="java.vm.name" value="Java HotSpot(TM) 64-Bit Server VM"/>
    <property name="localRepository" value="D:\Style\IntelliJ IDEA 2021.2.1\plugins\maven\lib\maven3\conf\repository"/>
    <property name="java.vendor.url.bug" value="http://bugreport.sun.com/bugreport/"/>
    <property name="java.io.tmpdir" value="C:\Users\黄昌其\AppData\Local\Temp\"/>
    <property name="idea.version" value="2021.3.1"/>
    <property name="java.version" value="1.8.0_201"/>
    <property name="user.dir" value="D:\Daima\spring_boot\springboot-test"/>
    <property name="os.arch" value="amd64"/>
    <property name="java.vm.specification.name" value="Java Virtual Machine Specification"/>
    <property name="java.awt.printerjob" value="sun.awt.windows.WPrinterJob"/>
    <property name="sun.os.patch.level" value=""/>
    <property name="java.library.path" value="D:\Program Files (x86)\Java\jdk1.8.0_201\jre\bin;C:\WINDOWS\Sun\Java\bin;C:\WINDOWS\system32;C:\WINDOWS;Windows\system32;C:\Windows;C:\Windows\System32\Wbem;C:\Windows\System32\WindowsPowerShell\v1.0\;C:\Windows\System32\OpenSSH\;C:\WINDOWS\system32;C:\WINDOWS;C:\WINDOWS\System32\Wbem;C:\WINDOWS\System32\WindowsPowerShell\v1.0\;C:\WINDOWS\System32\OpenSSH\;D:\Program Files (x86)\Java\jdk1.8.0_201\bin;D:\Mysql\mysql-8.0.21-winx64\bin;C:\Program Files\dotnet\;D:\学习软件大全\bin;D:\Pr;D:\Program Files (x86)\mysql_5.6.24_winx64\mysql-5.6.24-winx64\bin;D:\Program Files (x86)\Java\jdk1.8.0_201\bin;D:\Program Files (x86)\Git\cmd;D:\Style\Shell7;C:\mvnd-0.7.1-windows-amd64\bin;;C:\Program Files (x86)\NVIDIA Corporation\PhysX\Common;C:\Program Files\NVIDIA Corporation\NVIDIA NvDLISR;C:\Users\黄昌其\AppData\Local\Microsoft\WindowsApps;C:\Program Files\Bandizip\;D:\Program Files (x86)\Java\jdk1.8.0_201\bin;D:\学习软件大全\IntelliJ IDEA 2021.2.1\bin;;D:\学习软件大全\WebStorm 2021.2.3\bin;;C:\Users\黄昌其\AppData\Local\GitHubDesktop\bin;D:\Style\Microsoft VS Code\bin;."/>
    <property name="java.vm.info" value="mixed mode"/>
    <property name="java.vendor" value="Oracle Corporation"/>
    <property name="java.vm.version" value="25.201-b09"/>
    <property name="java.ext.dirs" value="D:\Program Files (x86)\Java\jdk1.8.0_201\jre\lib\ext;C:\WINDOWS\Sun\Java\lib\ext"/>
    <property name="sun.io.unicode.encoding" value="UnicodeLittle"/>
    <property name="maven.repo.local" value="D:\Style\IntelliJ IDEA 2021.2.1\plugins\maven\lib\maven3\conf\repository"/>
    <property name="java.class.version" value="52.0"/>
  </properties>
  <testcase name="test1" classname="cn.hcq413.web.junit.TestStarter" time="0.394"/>
</testsuite>